<?xml version="1.0" encoding="UTF-8"?>
<!-- Generated by org.testng.reporters.JUnitReportReporter -->
<testsuite hostname="DESKTOP-8KOUGD0" failures="0" tests="2" name="apiTests.PostAPiUsingPojo" time="4.983" errors="0" timestamp="2022-02-18T13:29:39 IST" skipped="0">
  <testcase classname="apiTests.PostAPiUsingPojo" name="PostRequestWithPojo" time="4.196"/>
  <system-out/>
  <testcase classname="apiTests.PostAPiUsingPojo" name="ObjectMapperPojo" time="0.787"/>
  <system-out/>
</testsuite> <!-- apiTests.PostAPiUsingPojo -->
