<?xml version="1.0" encoding="UTF-8"?>
<!-- Generated by org.testng.reporters.JUnitReportReporter -->
<testsuite hostname="DESKTOP-8KOUGD0" failures="0" tests="1" name="basic.testcase.createRepoTest" time="4.575" errors="0" timestamp="2022-01-25T19:34:18 IST" skipped="0">
  <testcase classname="basic.testcase.createRepoTest" name="deleteRepositoryTestCase" time="4.575"/>
  <system-out/>
</testsuite> <!-- basic.testcase.createRepoTest -->
