<?xml version="1.0" encoding="UTF-8"?>
<!-- Generated by org.testng.reporters.JUnitReportReporter -->
<testsuite hostname="DESKTOP-8KOUGD0" failures="0" tests="1" name="apiTests.E2E_TEST3" time="4.799" errors="0" timestamp="2022-02-16T12:35:29 IST" skipped="0">
  <testcase classname="apiTests.E2E_TEST3" name="Test3" time="4.799"/>
  <system-out/>
</testsuite> <!-- apiTests.E2E_TEST3 -->
