<?xml version="1.0" encoding="UTF-8"?>
<!-- Generated by org.testng.reporters.JUnitReportReporter -->
<testsuite hostname="DESKTOP-8KOUGD0" failures="0" tests="1" name="APITestingFramework.UdemyFramework" time="0.145" errors="0" timestamp="2021-11-18T13:05:32 IST" skipped="0">
  <testcase classname="APITestingFramework.UdemyFramework" name="Resttest1" time="0.145"/>
  <system-out/>
</testsuite> <!-- APITestingFramework.UdemyFramework -->
